<?xml version="1.0" encoding="UTF-8"?>
<testng-results ignored="0" total="2" passed="2" failed="0" skipped="0">
  <reporter-output>
  </reporter-output>
  <suite started-at="2022-12-18T00:13:24Z" name="Suite" finished-at="2022-12-18T00:13:50Z" duration-ms="25789">
    <groups>
    </groups>
    <test started-at="2022-12-18T00:13:24Z" name="Test" finished-at="2022-12-18T00:13:50Z" duration-ms="25789">
      <class name="com.lambdatest.TestScenario2">
        <test-method is-config="true" signature="setup(java.lang.reflect.Method, org.testng.ITestContext)[pri:0, instance:com.lambdatest.TestScenario2@7ba18f1b]" started-at="2022-12-18T00:13:24Z" name="setup" finished-at="2022-12-18T00:13:31Z" duration-ms="6411" status="PASS">
          <params>
            <param index="0">
              <value>
                <![CDATA[public void com.lambdatest.TestScenario2.basicTest() throws java.lang.InterruptedException]]>
              </value>
            </param>
            <param index="1">
              <value>
                <![CDATA[org.testng.TestRunner@1c72da34]]>
              </value>
            </param>
          </params>
          <reporter-output>
          </reporter-output>
        </test-method> <!-- setup -->
        <test-method signature="basicTest()[pri:0, instance:com.lambdatest.TestScenario2@7ba18f1b]" started-at="2022-12-18T00:13:31Z" name="basicTest" finished-at="2022-12-18T00:13:50Z" duration-ms="18949" status="PASS">
          <reporter-output>
          </reporter-output>
        </test-method> <!-- basicTest -->
        <test-method is-config="true" signature="tearDown()[pri:0, instance:com.lambdatest.TestScenario2@7ba18f1b]" started-at="2022-12-18T00:13:50Z" name="tearDown" finished-at="2022-12-18T00:13:50Z" duration-ms="412" status="PASS">
          <reporter-output>
          </reporter-output>
        </test-method> <!-- tearDown -->
      </class> <!-- com.lambdatest.TestScenario2 -->
      <class name="com.lambdatest.TestScenario1">
        <test-method is-config="true" signature="setup(java.lang.reflect.Method, org.testng.ITestContext)[pri:0, instance:com.lambdatest.TestScenario1@4bb4de6a]" started-at="2022-12-18T00:13:24Z" name="setup" finished-at="2022-12-18T00:13:33Z" duration-ms="8186" status="PASS">
          <params>
            <param index="0">
              <value>
                <![CDATA[public void com.lambdatest.TestScenario1.basicTest() throws java.lang.InterruptedException]]>
              </value>
            </param>
            <param index="1">
              <value>
                <![CDATA[org.testng.TestRunner@1c72da34]]>
              </value>
            </param>
          </params>
          <reporter-output>
          </reporter-output>
        </test-method> <!-- setup -->
        <test-method signature="basicTest()[pri:0, instance:com.lambdatest.TestScenario1@4bb4de6a]" started-at="2022-12-18T00:13:33Z" name="basicTest" finished-at="2022-12-18T00:13:47Z" duration-ms="14036" status="PASS">
          <reporter-output>
          </reporter-output>
        </test-method> <!-- basicTest -->
        <test-method is-config="true" signature="tearDown()[pri:0, instance:com.lambdatest.TestScenario1@4bb4de6a]" started-at="2022-12-18T00:13:47Z" name="tearDown" finished-at="2022-12-18T00:13:47Z" duration-ms="275" status="PASS">
          <reporter-output>
          </reporter-output>
        </test-method> <!-- tearDown -->
      </class> <!-- com.lambdatest.TestScenario1 -->
    </test> <!-- Test -->
  </suite> <!-- Suite -->
</testng-results>
